This is pdfTeX, Version 3.14159265-2.6-1.40.18 (TeX Live 2017) (preloaded format=pdflatex 2018.1.23)  8 DEC 2020 14:40
entering extended mode
 restricted \write18 enabled.
 file:line:error style messages enabled.
 %&-line parsing enabled.
**main.tex
(./main.tex
LaTeX2e <2017-04-15>
Babel <3.10> and hyphenation patterns for 84 language(s) loaded.
(./spie.cls
Document Class: spie 2015/08/14 v3.4 SPIE Proceedings class
(/usr/local/texlive/2017/texmf-dist/tex/latex/base/article.cls
Document Class: article 2014/09/29 v1.4h Standard LaTeX document class
(/usr/local/texlive/2017/texmf-dist/tex/latex/base/size10.clo
File: size10.clo 2014/09/29 v1.4h Standard LaTeX file (size option)
)
\c@part=\count79
\c@section=\count80
\c@subsection=\count81
\c@subsubsection=\count82
\c@paragraph=\count83
\c@subparagraph=\count84
\c@figure=\count85
\c@table=\count86
\abovecaptionskip=\skip41
\belowcaptionskip=\skip42
\bibindent=\dimen102
)
ten-point font
(/usr/local/texlive/2017/texmf-dist/tex/latex/preprint/authblk.sty
Package: authblk 2001/02/27 1.3 (PWD)
\affilsep=\skip43
\@affilsep=\skip44
\c@Maxaffil=\count87
\c@authors=\count88
\c@affil=\count89
)
(/usr/local/texlive/2017/texmf-dist/tex/latex/base/ifthen.sty
Package: ifthen 2014/09/29 v1.1c Standard LaTeX ifthen package (DPC)
)
(/usr/local/texlive/2017/texmf-dist/tex/latex/cite/cite.sty
LaTeX Info: Redefining \cite on input line 302.
LaTeX Info: Redefining \nocite on input line 332.
Package: cite 2015/02/27  v 5.5
LaTeX Info: Redefining \cite on input line 441.
)
\c@theorem=\count90
)
(/usr/local/texlive/2017/texmf-dist/tex/latex/amsmath/amsmath.sty
Package: amsmath 2016/11/05 v2.16a AMS math features
\@mathmargin=\skip45

For additional information on amsmath, use the `?' option.
(/usr/local/texlive/2017/texmf-dist/tex/latex/amsmath/amstext.sty
Package: amstext 2000/06/29 v2.01 AMS text

(/usr/local/texlive/2017/texmf-dist/tex/latex/amsmath/amsgen.sty
File: amsgen.sty 1999/11/30 v2.0 generic functions
\@emptytoks=\toks14
\ex@=\dimen103
))
(/usr/local/texlive/2017/texmf-dist/tex/latex/amsmath/amsbsy.sty
Package: amsbsy 1999/11/29 v1.2d Bold Symbols
\pmbraise@=\dimen104
)
(/usr/local/texlive/2017/texmf-dist/tex/latex/amsmath/amsopn.sty
Package: amsopn 2016/03/08 v2.02 operator names
)
\inf@bad=\count91
LaTeX Info: Redefining \frac on input line 213.
\uproot@=\count92
\leftroot@=\count93
LaTeX Info: Redefining \overline on input line 375.
\classnum@=\count94
\DOTSCASE@=\count95
LaTeX Info: Redefining \ldots on input line 472.
LaTeX Info: Redefining \dots on input line 475.
LaTeX Info: Redefining \cdots on input line 596.
\Mathstrutbox@=\box26
\strutbox@=\box27
\big@size=\dimen105
LaTeX Font Info:    Redeclaring font encoding OML on input line 712.
LaTeX Font Info:    Redeclaring font encoding OMS on input line 713.
\macc@depth=\count96
\c@MaxMatrixCols=\count97
\dotsspace@=\muskip10
\c@parentequation=\count98
\dspbrk@lvl=\count99
\tag@help=\toks15
\row@=\count100
\column@=\count101
\maxfields@=\count102
\andhelp@=\toks16
\eqnshift@=\dimen106
\alignsep@=\dimen107
\tagshift@=\dimen108
\tagwidth@=\dimen109
\totwidth@=\dimen110
\lineht@=\dimen111
\@envbody=\toks17
\multlinegap=\skip46
\multlinetaggap=\skip47
\mathdisplay@stack=\toks18
LaTeX Info: Redefining \[ on input line 2817.
LaTeX Info: Redefining \] on input line 2818.
)
(/usr/local/texlive/2017/texmf-dist/tex/latex/amsfonts/amsfonts.sty
Package: amsfonts 2013/01/14 v3.01 Basic AMSFonts support
\symAMSa=\mathgroup4
\symAMSb=\mathgroup5
LaTeX Font Info:    Overwriting math alphabet `\mathfrak' in version `bold'
(Font)                  U/euf/m/n --> U/euf/b/n on input line 106.
)
(/usr/local/texlive/2017/texmf-dist/tex/latex/amsfonts/amssymb.sty
Package: amssymb 2013/01/14 v3.01 AMS font symbols
)
(/usr/local/texlive/2017/texmf-dist/tex/latex/graphics/graphicx.sty
Package: graphicx 2014/10/28 v1.0g Enhanced LaTeX Graphics (DPC,SPQR)

(/usr/local/texlive/2017/texmf-dist/tex/latex/graphics/keyval.sty
Package: keyval 2014/10/28 v1.15 key=value parser (DPC)
\KV@toks@=\toks19
)
(/usr/local/texlive/2017/texmf-dist/tex/latex/graphics/graphics.sty
Package: graphics 2017/04/14 v1.1b Standard LaTeX Graphics (DPC,SPQR)

(/usr/local/texlive/2017/texmf-dist/tex/latex/graphics/trig.sty
Package: trig 2016/01/03 v1.10 sin cos tan (DPC)
)
(/usr/local/texlive/2017/texmf-dist/tex/latex/graphics-cfg/graphics.cfg
File: graphics.cfg 2016/06/04 v1.11 sample graphics configuration
)
Package graphics Info: Driver file: pdftex.def on input line 99.

(/usr/local/texlive/2017/texmf-dist/tex/latex/graphics-def/pdftex.def
File: pdftex.def 2017/01/12 v0.06k Graphics/color for pdfTeX

(/usr/local/texlive/2017/texmf-dist/tex/generic/oberdiek/infwarerr.sty
Package: infwarerr 2016/05/16 v1.4 Providing info/warning/error messages (HO)
)
(/usr/local/texlive/2017/texmf-dist/tex/generic/oberdiek/ltxcmds.sty
Package: ltxcmds 2016/05/16 v1.23 LaTeX kernel commands for general use (HO)
)
\Gread@gobject=\count103
))
\Gin@req@height=\dimen112
\Gin@req@width=\dimen113
)
(/usr/local/texlive/2017/texmf-dist/tex/latex/hyperref/hyperref.sty
Package: hyperref 2017/03/14 v6.85a Hypertext links for LaTeX

(/usr/local/texlive/2017/texmf-dist/tex/generic/oberdiek/hobsub-hyperref.sty
Package: hobsub-hyperref 2016/05/16 v1.14 Bundle oberdiek, subset hyperref (HO)


(/usr/local/texlive/2017/texmf-dist/tex/generic/oberdiek/hobsub-generic.sty
Package: hobsub-generic 2016/05/16 v1.14 Bundle oberdiek, subset generic (HO)
Package: hobsub 2016/05/16 v1.14 Construct package bundles (HO)
Package hobsub Info: Skipping package `infwarerr' (already loaded).
Package hobsub Info: Skipping package `ltxcmds' (already loaded).
Package: ifluatex 2016/05/16 v1.4 Provides the ifluatex switch (HO)
Package ifluatex Info: LuaTeX not detected.
Package: ifvtex 2016/05/16 v1.6 Detect VTeX and its facilities (HO)
Package ifvtex Info: VTeX not detected.
Package: intcalc 2016/05/16 v1.2 Expandable calculations with integers (HO)
Package: ifpdf 2017/03/15 v3.2 Provides the ifpdf switch
Package: etexcmds 2016/05/16 v1.6 Avoid name clashes with e-TeX commands (HO)
Package etexcmds Info: Could not find \expanded.
(etexcmds)             That can mean that you are not using pdfTeX 1.50 or
(etexcmds)             that some package has redefined \expanded.
(etexcmds)             In the latter case, load this package earlier.
Package: kvsetkeys 2016/05/16 v1.17 Key value parser (HO)
Package: kvdefinekeys 2016/05/16 v1.4 Define keys (HO)
Package: pdftexcmds 2017/03/19 v0.25 Utility functions of pdfTeX for LuaTeX (HO
)
Package pdftexcmds Info: LuaTeX not detected.
Package pdftexcmds Info: \pdf@primitive is available.
Package pdftexcmds Info: \pdf@ifprimitive is available.
Package pdftexcmds Info: \pdfdraftmode found.
Package: pdfescape 2016/05/16 v1.14 Implements pdfTeX's escape features (HO)
Package: bigintcalc 2016/05/16 v1.4 Expandable calculations on big integers (HO
)
Package: bitset 2016/05/16 v1.2 Handle bit-vector datatype (HO)
Package: uniquecounter 2016/05/16 v1.3 Provide unlimited unique counter (HO)
)
Package hobsub Info: Skipping package `hobsub' (already loaded).
Package: letltxmacro 2016/05/16 v1.5 Let assignment for LaTeX macros (HO)
Package: hopatch 2016/05/16 v1.3 Wrapper for package hooks (HO)
Package: xcolor-patch 2016/05/16 xcolor patch
Package: atveryend 2016/05/16 v1.9 Hooks at the very end of document (HO)
Package atveryend Info: \enddocument detected (standard20110627).
Package: atbegshi 2016/06/09 v1.18 At begin shipout hook (HO)
Package: refcount 2016/05/16 v3.5 Data extraction from label references (HO)
Package: hycolor 2016/05/16 v1.8 Color options for hyperref/bookmark (HO)
)
(/usr/local/texlive/2017/texmf-dist/tex/generic/ifxetex/ifxetex.sty
Package: ifxetex 2010/09/12 v0.6 Provides ifxetex conditional
)
(/usr/local/texlive/2017/texmf-dist/tex/latex/oberdiek/auxhook.sty
Package: auxhook 2016/05/16 v1.4 Hooks for auxiliary files (HO)
)
(/usr/local/texlive/2017/texmf-dist/tex/latex/oberdiek/kvoptions.sty
Package: kvoptions 2016/05/16 v3.12 Key value format for package options (HO)
)
\@linkdim=\dimen114
\Hy@linkcounter=\count104
\Hy@pagecounter=\count105

(/usr/local/texlive/2017/texmf-dist/tex/latex/hyperref/pd1enc.def
File: pd1enc.def 2017/03/14 v6.85a Hyperref: PDFDocEncoding definition (HO)
)
\Hy@SavedSpaceFactor=\count106

(/usr/local/texlive/2017/texmf-dist/tex/latex/latexconfig/hyperref.cfg
File: hyperref.cfg 2002/06/06 v1.2 hyperref configuration of TeXLive
)
Package hyperref Info: Option `colorlinks' set `true' on input line 4374.
Package hyperref Info: Hyper figures OFF on input line 4498.
Package hyperref Info: Link nesting OFF on input line 4503.
Package hyperref Info: Hyper index ON on input line 4506.
Package hyperref Info: Plain pages OFF on input line 4513.
Package hyperref Info: Backreferencing OFF on input line 4518.
Package hyperref Info: Implicit mode ON; LaTeX internals redefined.
Package hyperref Info: Bookmarks ON on input line 4751.
\c@Hy@tempcnt=\count107

(/usr/local/texlive/2017/texmf-dist/tex/latex/url/url.sty
\Urlmuskip=\muskip11
Package: url 2013/09/16  ver 3.4  Verb mode for urls, etc.
)
LaTeX Info: Redefining \url on input line 5104.
\XeTeXLinkMargin=\dimen115
\Fld@menulength=\count108
\Field@Width=\dimen116
\Fld@charsize=\dimen117
Package hyperref Info: Hyper figures OFF on input line 6358.
Package hyperref Info: Link nesting OFF on input line 6363.
Package hyperref Info: Hyper index ON on input line 6366.
Package hyperref Info: backreferencing OFF on input line 6373.
Package hyperref Info: Link coloring ON on input line 6376.
Package hyperref Info: Link coloring with OCG OFF on input line 6383.
Package hyperref Info: PDF/A mode OFF on input line 6388.
LaTeX Info: Redefining \ref on input line 6428.
LaTeX Info: Redefining \pageref on input line 6432.
\Hy@abspage=\count109
\c@Item=\count110
\c@Hfootnote=\count111
)

Package hyperref Message: Driver (autodetected): hpdftex.

(/usr/local/texlive/2017/texmf-dist/tex/latex/hyperref/hpdftex.def
File: hpdftex.def 2017/03/14 v6.85a Hyperref driver for pdfTeX
\Fld@listcount=\count112
\c@bookmark@seq@number=\count113

(/usr/local/texlive/2017/texmf-dist/tex/latex/oberdiek/rerunfilecheck.sty
Package: rerunfilecheck 2016/05/16 v1.8 Rerun checks for auxiliary files (HO)
Package uniquecounter Info: New unique counter `rerunfilecheck' on input line 2
82.
)
\Hy@SectionHShift=\skip48
)
(/usr/local/texlive/2017/texmf-dist/tex/latex/xcolor/xcolor.sty
Package: xcolor 2016/05/11 v2.12 LaTeX color extensions (UK)

(/usr/local/texlive/2017/texmf-dist/tex/latex/graphics-cfg/color.cfg
File: color.cfg 2016/01/02 v1.6 sample color configuration
)
Package xcolor Info: Driver file: pdftex.def on input line 225.

(/usr/local/texlive/2017/texmf-dist/tex/latex/colortbl/colortbl.sty
Package: colortbl 2012/02/13 v1.0a Color table columns (DPC)

(/usr/local/texlive/2017/texmf-dist/tex/latex/tools/array.sty
Package: array 2016/10/06 v2.4d Tabular extension package (FMi)
\col@sep=\dimen118
\extrarowheight=\dimen119
\NC@list=\toks20
\extratabsurround=\skip49
\backup@length=\skip50
)
\everycr=\toks21
\minrowclearance=\skip51
)
\rownum=\count114
Package xcolor Info: Model `cmy' substituted by `cmy0' on input line 1348.
Package xcolor Info: Model `hsb' substituted by `rgb' on input line 1352.
Package xcolor Info: Model `RGB' extended on input line 1364.
Package xcolor Info: Model `HTML' substituted by `rgb' on input line 1366.
Package xcolor Info: Model `Hsb' substituted by `hsb' on input line 1367.
Package xcolor Info: Model `tHsb' substituted by `hsb' on input line 1368.
Package xcolor Info: Model `HSB' substituted by `hsb' on input line 1369.
Package xcolor Info: Model `Gray' substituted by `gray' on input line 1370.
Package xcolor Info: Model `wave' substituted by `hsb' on input line 1371.
)
(/usr/local/texlive/2017/texmf-dist/tex/latex/txfonts/txfonts.sty
Package: txfonts 2008/01/22 v3.2.1
LaTeX Font Info:    Redeclaring symbol font `operators' on input line 21.
LaTeX Font Info:    Overwriting symbol font `operators' in version `normal'
(Font)                  OT1/cmr/m/n --> OT1/txr/m/n on input line 21.
LaTeX Font Info:    Overwriting symbol font `operators' in version `bold'
(Font)                  OT1/cmr/bx/n --> OT1/txr/m/n on input line 21.
LaTeX Font Info:    Overwriting symbol font `operators' in version `bold'
(Font)                  OT1/txr/m/n --> OT1/txr/bx/n on input line 22.
\symitalic=\mathgroup6
LaTeX Font Info:    Overwriting symbol font `italic' in version `bold'
(Font)                  OT1/txr/m/it --> OT1/txr/bx/it on input line 26.
LaTeX Font Info:    Redeclaring math alphabet \mathbf on input line 29.
LaTeX Font Info:    Overwriting math alphabet `\mathbf' in version `normal'
(Font)                  OT1/cmr/bx/n --> OT1/txr/bx/n on input line 29.
LaTeX Font Info:    Overwriting math alphabet `\mathbf' in version `bold'
(Font)                  OT1/cmr/bx/n --> OT1/txr/bx/n on input line 29.
LaTeX Font Info:    Redeclaring math alphabet \mathit on input line 30.
LaTeX Font Info:    Overwriting math alphabet `\mathit' in version `normal'
(Font)                  OT1/cmr/m/it --> OT1/txr/m/it on input line 30.
LaTeX Font Info:    Overwriting math alphabet `\mathit' in version `bold'
(Font)                  OT1/cmr/bx/it --> OT1/txr/m/it on input line 30.
LaTeX Font Info:    Overwriting math alphabet `\mathit' in version `bold'
(Font)                  OT1/txr/m/it --> OT1/txr/bx/it on input line 31.
LaTeX Font Info:    Redeclaring math alphabet \mathsf on input line 40.
LaTeX Font Info:    Overwriting math alphabet `\mathsf' in version `normal'
(Font)                  OT1/cmss/m/n --> OT1/txss/m/n on input line 40.
LaTeX Font Info:    Overwriting math alphabet `\mathsf' in version `bold'
(Font)                  OT1/cmss/bx/n --> OT1/txss/m/n on input line 40.
LaTeX Font Info:    Overwriting math alphabet `\mathsf' in version `bold'
(Font)                  OT1/txss/m/n --> OT1/txss/b/n on input line 41.
LaTeX Font Info:    Redeclaring math alphabet \mathtt on input line 50.
LaTeX Font Info:    Overwriting math alphabet `\mathtt' in version `normal'
(Font)                  OT1/cmtt/m/n --> OT1/txtt/m/n on input line 50.
LaTeX Font Info:    Overwriting math alphabet `\mathtt' in version `bold'
(Font)                  OT1/cmtt/m/n --> OT1/txtt/m/n on input line 50.
LaTeX Font Info:    Overwriting math alphabet `\mathtt' in version `bold'
(Font)                  OT1/txtt/m/n --> OT1/txtt/b/n on input line 51.
LaTeX Font Info:    Redeclaring symbol font `letters' on input line 58.
LaTeX Font Info:    Overwriting symbol font `letters' in version `normal'
(Font)                  OML/cmm/m/it --> OML/txmi/m/it on input line 58.
LaTeX Font Info:    Overwriting symbol font `letters' in version `bold'
(Font)                  OML/cmm/b/it --> OML/txmi/m/it on input line 58.
LaTeX Font Info:    Overwriting symbol font `letters' in version `bold'
(Font)                  OML/txmi/m/it --> OML/txmi/bx/it on input line 59.
\symlettersA=\mathgroup7
LaTeX Font Info:    Overwriting symbol font `lettersA' in version `bold'
(Font)                  U/txmia/m/it --> U/txmia/bx/it on input line 67.
LaTeX Font Info:    Redeclaring math alphabet \mathfrak on input line 70.
LaTeX Font Info:    Redeclaring symbol font `symbols' on input line 77.
LaTeX Font Info:    Overwriting symbol font `symbols' in version `normal'
(Font)                  OMS/cmsy/m/n --> OMS/txsy/m/n on input line 77.
LaTeX Font Info:    Overwriting symbol font `symbols' in version `bold'
(Font)                  OMS/cmsy/b/n --> OMS/txsy/m/n on input line 77.
LaTeX Font Info:    Overwriting symbol font `symbols' in version `bold'
(Font)                  OMS/txsy/m/n --> OMS/txsy/bx/n on input line 78.
LaTeX Font Info:    Redeclaring symbol font `AMSa' on input line 93.
LaTeX Font Info:    Overwriting symbol font `AMSa' in version `normal'
(Font)                  U/msa/m/n --> U/txsya/m/n on input line 93.
LaTeX Font Info:    Overwriting symbol font `AMSa' in version `bold'
(Font)                  U/msa/m/n --> U/txsya/m/n on input line 93.
LaTeX Font Info:    Overwriting symbol font `AMSa' in version `bold'
(Font)                  U/txsya/m/n --> U/txsya/bx/n on input line 94.
LaTeX Font Info:    Redeclaring symbol font `AMSb' on input line 102.
LaTeX Font Info:    Overwriting symbol font `AMSb' in version `normal'
(Font)                  U/msb/m/n --> U/txsyb/m/n on input line 102.
LaTeX Font Info:    Overwriting symbol font `AMSb' in version `bold'
(Font)                  U/msb/m/n --> U/txsyb/m/n on input line 102.
LaTeX Font Info:    Overwriting symbol font `AMSb' in version `bold'
(Font)                  U/txsyb/m/n --> U/txsyb/bx/n on input line 103.
\symsymbolsC=\mathgroup8
LaTeX Font Info:    Overwriting symbol font `symbolsC' in version `bold'
(Font)                  U/txsyc/m/n --> U/txsyc/bx/n on input line 113.
LaTeX Font Info:    Redeclaring symbol font `largesymbols' on input line 120.
LaTeX Font Info:    Overwriting symbol font `largesymbols' in version `normal'
(Font)                  OMX/cmex/m/n --> OMX/txex/m/n on input line 120.
LaTeX Font Info:    Overwriting symbol font `largesymbols' in version `bold'
(Font)                  OMX/cmex/m/n --> OMX/txex/m/n on input line 120.
LaTeX Font Info:    Overwriting symbol font `largesymbols' in version `bold'
(Font)                  OMX/txex/m/n --> OMX/txex/bx/n on input line 121.
\symlargesymbolsA=\mathgroup9
LaTeX Font Info:    Overwriting symbol font `largesymbolsA' in version `bold'
(Font)                  U/txexa/m/n --> U/txexa/bx/n on input line 129.
LaTeX Info: Redefining \not on input line 1043.
)
(/usr/local/texlive/2017/texmf-dist/tex/latex/graphics/lscape.sty
Package: lscape 2000/10/22 v3.01 Landscape Pages (DPC)
)
(/usr/local/texlive/2017/texmf-dist/tex/latex/comment/comment.sty
\CommentStream=\write3

Excluding comment 'comment')
(/usr/local/texlive/2017/texmf-dist/tex/latex/tools/xspace.sty
Package: xspace 2014/10/28 v1.13 Space after command names (DPC,MH)
) (./main.aux)
\openout1 = `main.aux'.

LaTeX Font Info:    Checking defaults for OML/txmi/m/it on input line 55.
LaTeX Font Info:    Try loading font information for OML+txmi on input line 55.


(/usr/local/texlive/2017/texmf-dist/tex/latex/txfonts/omltxmi.fd
File: omltxmi.fd 2000/12/15 v3.1
)
LaTeX Font Info:    ... okay on input line 55.
LaTeX Font Info:    Checking defaults for T1/cmr/m/n on input line 55.
LaTeX Font Info:    ... okay on input line 55.
LaTeX Font Info:    Checking defaults for OT1/cmr/m/n on input line 55.
LaTeX Font Info:    ... okay on input line 55.
LaTeX Font Info:    Checking defaults for OMS/txsy/m/n on input line 55.
LaTeX Font Info:    Try loading font information for OMS+txsy on input line 55.


(/usr/local/texlive/2017/texmf-dist/tex/latex/txfonts/omstxsy.fd
File: omstxsy.fd 2000/12/15 v3.1
)
LaTeX Font Info:    ... okay on input line 55.
LaTeX Font Info:    Checking defaults for OMX/txex/m/n on input line 55.
LaTeX Font Info:    Try loading font information for OMX+txex on input line 55.


(/usr/local/texlive/2017/texmf-dist/tex/latex/txfonts/omxtxex.fd
File: omxtxex.fd 2000/12/15 v3.1
)
LaTeX Font Info:    ... okay on input line 55.
LaTeX Font Info:    Checking defaults for U/txexa/m/n on input line 55.
LaTeX Font Info:    Try loading font information for U+txexa on input line 55.

(/usr/local/texlive/2017/texmf-dist/tex/latex/txfonts/utxexa.fd
File: utxexa.fd 2000/12/15 v3.1
)
LaTeX Font Info:    ... okay on input line 55.
LaTeX Font Info:    Checking defaults for PD1/pdf/m/n on input line 55.
LaTeX Font Info:    ... okay on input line 55.
LaTeX Font Info:    Try loading font information for OT1+txr on input line 55.

(/usr/local/texlive/2017/texmf-dist/tex/latex/txfonts/ot1txr.fd
File: ot1txr.fd 2000/12/15 v3.1
)
(/usr/local/texlive/2017/texmf-dist/tex/context/base/mkii/supp-pdf.mkii
[Loading MPS to PDF converter (version 2006.09.02).]
\scratchcounter=\count115
\scratchdimen=\dimen120
\scratchbox=\box28
\nofMPsegments=\count116
\nofMParguments=\count117
\everyMPshowfont=\toks22
\MPscratchCnt=\count118
\MPscratchDim=\dimen121
\MPnumerator=\count119
\makeMPintoPDFobject=\count120
\everyMPtoPDFconversion=\toks23
) (/usr/local/texlive/2017/texmf-dist/tex/latex/oberdiek/epstopdf-base.sty
Package: epstopdf-base 2016/05/15 v2.6 Base part for package epstopdf

(/usr/local/texlive/2017/texmf-dist/tex/latex/oberdiek/grfext.sty
Package: grfext 2016/05/16 v1.2 Manage graphics extensions (HO)
)
Package epstopdf-base Info: Redefining graphics rule for `.eps' on input line 4
38.
Package grfext Info: Graphics extension search list:
(grfext)             [.png,.pdf,.jpg,.mps,.jpeg,.jbig2,.jb2,.PNG,.PDF,.JPG,.JPE
G,.JBIG2,.JB2,.eps]
(grfext)             \AppendGraphicsExtensions on input line 456.

(/usr/local/texlive/2017/texmf-dist/tex/latex/latexconfig/epstopdf-sys.cfg
File: epstopdf-sys.cfg 2010/07/13 v1.3 Configuration of (r)epstopdf for TeX Liv
e
))
\AtBeginShipoutBox=\box29
Package hyperref Info: Link coloring ON on input line 55.

(/usr/local/texlive/2017/texmf-dist/tex/latex/hyperref/nameref.sty
Package: nameref 2016/05/21 v2.44 Cross-referencing by name of section

(/usr/local/texlive/2017/texmf-dist/tex/generic/oberdiek/gettitlestring.sty
Package: gettitlestring 2016/05/16 v1.5 Cleanup title references (HO)
)
\c@section@level=\count121
)
LaTeX Info: Redefining \ref on input line 55.
LaTeX Info: Redefining \pageref on input line 55.
LaTeX Info: Redefining \nameref on input line 55.

(./main.out) (./main.out)
\@outlinefile=\write4
\openout4 = `main.out'.


txr-font_in_spiecls
LaTeX Font Info:    Try loading font information for U+txsya on input line 57.
(/usr/local/texlive/2017/texmf-dist/tex/latex/txfonts/utxsya.fd
File: utxsya.fd 2000/12/15 v3.1
)
LaTeX Font Info:    Try loading font information for U+txsyb on input line 57.

(/usr/local/texlive/2017/texmf-dist/tex/latex/txfonts/utxsyb.fd
File: utxsyb.fd 2000/12/15 v3.1
)
LaTeX Font Info:    Try loading font information for U+txmia on input line 57.

(/usr/local/texlive/2017/texmf-dist/tex/latex/txfonts/utxmia.fd
File: utxmia.fd 2000/12/15 v3.1
)
LaTeX Font Info:    Try loading font information for U+txsyc on input line 57.

(/usr/local/texlive/2017/texmf-dist/tex/latex/txfonts/utxsyc.fd
File: utxsyc.fd 2000/12/15 v3.1
)
LaTeX Font Info:    Try loading font information for OMS+txr on input line 77.

(/usr/local/texlive/2017/texmf-dist/tex/latex/txfonts/omstxr.fd
File: omstxr.fd 2000/12/15 v3.1
)
LaTeX Font Info:    Font shape `OMS/txr/m/n' in size <10> not available
(Font)              Font shape `OMS/txsy/m/n' tried instead on input line 77.
Missing character: There is no ‚ in font txr!
Missing character: There is no Ä in font txr!
Missing character: There is no ú in font txr!
Missing character: There is no ‚ in font txr!
Missing character: There is no Ä in font txr!
Missing character: There is no ù in font txr!
 [301

{/usr/local/texlive/2017/texmf-var/fonts/map/pdftex/updmap/pdftex.map}]
Missing character: There is no ‚ in font txr!
Missing character: There is no Ä in font txr!
Missing character: There is no ô in font txr!
 [302]
Underfull \hbox (badness 10000) in paragraph at lines 97--98

 []


Underfull \hbox (badness 10000) in paragraph at lines 98--99

 []

<triangulation.pdf, id=63, 525.965pt x 441.65pt>
File: triangulation.pdf Graphic file (type pdf)
 <use triangulation.pdf>
Package pdftex.def Info: triangulation.pdf used on input line 108.
(pdftex.def)             Requested size: 271.07964pt x 227.62204pt.

Excluding 'comment' comment. [303 <./triangulation.pdf>]
<trinag_fig1.png, id=84, 519.9425pt x 381.425pt>
File: trinag_fig1.png Graphic file (type png)
 <use trinag_fig1.png>
Package pdftex.def Info: trinag_fig1.png used on input line 142.
(pdftex.def)             Requested size: 193.92278pt x 142.26378pt.

<triang_fig2.png, id=86, 213.79875pt x 404.51125pt>
File: triang_fig2.png Graphic file (type png)
 <use triang_fig2.png>
Package pdftex.def Info: triang_fig2.png used on input line 143.
(pdftex.def)             Requested size: 90.232pt x 170.71652pt.

<triang_fig3.png, id=87, 359.3425pt x 401.5pt>
File: triang_fig3.png Graphic file (type png)
 <use triang_fig3.png>
Package pdftex.def Info: triang_fig3.png used on input line 144.
(pdftex.def)             Requested size: 152.79256pt x 170.71652pt.

./main.tex:154: Undefined control sequence.
<recently read> \simga 
                       
l.154 ...n determining the source position $\simga
                                                  _{PA}$ can be determine in...
The control sequence at the end of the top line
of your error message was never \def'ed. If you have
misspelled it (e.g., `\hobx'), type `I' and the correct
spelling (e.g., `I\hbox'). Otherwise just continue,
and I'll forget about whatever was undefined.

[304 <./trinag_fig1.png> <./triang_fig2.png> <./triang_fig3.png>]
Excluding 'comment' comment.
Missing character: There is no ‚ in font txr!
Missing character: There is no Ä in font txr!
Missing character: There is no ì in font txr!

Underfull \hbox (badness 10000) in paragraph at lines 246--252

 []


Underfull \hbox (badness 10000) in paragraph at lines 253--254

 []


Underfull \hbox (badness 10000) in paragraph at lines 255--259

 []

<fig/Template_comparison_Long.pdf, id=98, 462.52798pt x 346.89601pt>
File: fig/Template_comparison_Long.pdf Graphic file (type pdf)

<use fig/Template_comparison_Long.pdf>
Package pdftex.def Info: fig/Template_comparison_Long.pdf used on input line 26
4.
(pdftex.def)             Requested size: 240.51593pt x 180.38696pt.

<fig/Template_comparison_Short.pdf, id=99, 462.52798pt x 346.89601pt>
File: fig/Template_comparison_Short.pdf Graphic file (type pdf)

<use fig/Template_comparison_Short.pdf>
Package pdftex.def Info: fig/Template_comparison_Short.pdf used on input line 2
65.
(pdftex.def)             Requested size: 240.51593pt x 180.38696pt.


LaTeX Warning: `!h' float specifier changed to `!ht'.


Underfull \hbox (badness 10000) in paragraph at lines 273--275

 []

[305] <fig/CrossCorrelation_fit_LONG.pdf, id=107, 462.52798pt x 346.89601pt>
File: fig/CrossCorrelation_fit_LONG.pdf Graphic file (type pdf)

<use fig/CrossCorrelation_fit_LONG.pdf>
Package pdftex.def Info: fig/CrossCorrelation_fit_LONG.pdf used on input line 2
79.
(pdftex.def)             Requested size: 240.51593pt x 180.38696pt.

<fig/CrossCorrelation_fit_Short.pdf, id=108, 462.52798pt x 346.89601pt>
File: fig/CrossCorrelation_fit_Short.pdf Graphic file (type pdf)

<use fig/CrossCorrelation_fit_Short.pdf>
Package pdftex.def Info: fig/CrossCorrelation_fit_Short.pdf used on input line 
280.
(pdftex.def)             Requested size: 240.51593pt x 180.38696pt.


LaTeX Warning: `!h' float specifier changed to `!ht'.

[306 <./fig/Template_comparison_Long.pdf> <./fig/Template_comparison_Short.pdf

pdfTeX warning: pdflatex (file ./fig/Template_comparison_Short.pdf): PDF inclus
ion: multiple pdfs with page group included in a single page
>]
./main.tex:300: Undefined control sequence.
l.300 \citet
            {Walker00}, both in isolated flares and in lower amplitude
The control sequence at the end of the top line
of your error message was never \def'ed. If you have
misspelled it (e.g., `\hobx'), type `I' and the correct
spelling (e.g., `I\hbox'). Otherwise just continue,
and I'll forget about whatever was undefined.

./main.tex:307: Undefined control sequence.
l.307 \citep
            {Kobayashi97,Ramirez00,Spada00} suggested that the GRB light-curve
The control sequence at the end of the top line
of your error message was never \def'ed. If you have
misspelled it (e.g., `\hobx'), type `I' and the correct
spelling (e.g., `I\hbox'). Otherwise just continue,
and I'll forget about whatever was undefined.

./main.tex:311: Undefined control sequence.
l.311 ...e jets with the surrounding matter \citep
                                                  {Morsony10}.
The control sequence at the end of the top line
of your error message was never \def'ed. If you have
misspelled it (e.g., `\hobx'), type `I' and the correct
spelling (e.g., `I\hbox'). Otherwise just continue,
and I'll forget about whatever was undefined.

./main.tex:314: Undefined control sequence.
l.314 far are those of \citet
                             {Walker00}, \citet{MacLachlan13} and
The control sequence at the end of the top line
of your error message was never \def'ed. If you have
misspelled it (e.g., `\hobx'), type `I' and the correct
spelling (e.g., `I\hbox'). Otherwise just continue,
and I'll forget about whatever was undefined.

./main.tex:314: Undefined control sequence.
l.314 far are those of \citet{Walker00}, \citet
                                               {MacLachlan13} and
The control sequence at the end of the top line
of your error message was never \def'ed. If you have
misspelled it (e.g., `\hobx'), type `I' and the correct
spelling (e.g., `I\hbox'). Otherwise just continue,
and I'll forget about whatever was undefined.

./main.tex:315: Undefined control sequence.
l.315 \citet
            {Bhat12}. The first two works exploit rather sophisticated
The control sequence at the end of the top line
of your error message was never \def'ed. If you have
misspelled it (e.g., `\hobx'), type `I' and the correct
spelling (e.g., `I\hbox'). Otherwise just continue,
and I'll forget about whatever was undefined.

./main.tex:317: Undefined control sequence.
l.317 burst deconvolution in pulses. \citet
                                           {Walker00} conclude that the
The control sequence at the end of the top line
of your error message was never \def'ed. If you have
misspelled it (e.g., `\hobx'), type `I' and the correct
spelling (e.g., `I\hbox'). Otherwise just continue,
and I'll forget about whatever was undefined.

./main.tex:320: Undefined control sequence.
l.320 \citet
            {MacLachlan13} use Fermi/GBM data binned at 200$\mu$s (the original
The control sequence at the end of the top line
of your error message was never \def'ed. If you have
misspelled it (e.g., `\hobx'), type `I' and the correct
spelling (e.g., `I\hbox'). Otherwise just continue,
and I'll forget about whatever was undefined.

./main.tex:322: Undefined control sequence.
l.322 variability timescales than \citet
                                        {Walker00}, but conclude that variab...
The control sequence at the end of the top line
of your error message was never \def'ed. If you have
misspelled it (e.g., `\hobx'), type `I' and the correct
spelling (e.g., `I\hbox'). Otherwise just continue,
and I'll forget about whatever was undefined.

./main.tex:326: Undefined control sequence.
l.326 by \citet
               {Bhat12}, using data binned at 1msec. This is not surprising,
The control sequence at the end of the top line
of your error message was never \def'ed. If you have
misspelled it (e.g., `\hobx'), type `I' and the correct
spelling (e.g., `I\hbox'). Otherwise just continue,
and I'll forget about whatever was undefined.

[307 <./fig/CrossCorrelation_fit_LONG.pdf> <./fig/CrossCorrelation_fit_Short.pd
f

pdfTeX warning: pdflatex (file ./fig/CrossCorrelation_fit_Short.pdf): PDF inclu
sion: multiple pdfs with page group included in a single page
>]

LaTeX Warning: Reference `fig:gbm' on page 308 undefined on input line 366.

[308]
Underfull \hbox (badness 10000) in paragraph at lines 414--419

 []

Package epstopdf Info: Source file: <fig/distribution_long_100.eps>
(epstopdf)                    date: 2020-12-07 23:31:18
(epstopdf)                    size: 48323 bytes
(epstopdf)             Output file: <fig/distribution_long_100-eps-converted-to
.pdf>
(epstopdf)                    date: 2020-12-07 23:31:18
(epstopdf)                    size: 25477 bytes
(epstopdf)             Command: <repstopdf --outfile=fig/distribution_long_100-
eps-converted-to.pdf fig/distribution_long_100.eps>
(epstopdf)             \includegraphics on input line 489.
Package epstopdf Info: Output file is already uptodate.

<fig/distribution_long_100-eps-converted-to.pdf, id=304, 462.52798pt x 346.8960
1pt>
File: fig/distribution_long_100-eps-converted-to.pdf Graphic file (type pdf)
 <use fig/distribution_long_100-eps-converted-to.pdf>
Package pdftex.def Info: fig/distribution_long_100-eps-converted-to.pdf used on
 input line 489.
(pdftex.def)             Requested size: 231.26341pt x 173.44757pt.
Package epstopdf Info: Source file: <fig/distribution_short_100.eps>
(epstopdf)                    date: 2020-12-07 23:31:18
(epstopdf)                    size: 49137 bytes
(epstopdf)             Output file: <fig/distribution_short_100-eps-converted-t
o.pdf>
(epstopdf)                    date: 2020-12-07 23:31:18
(epstopdf)                    size: 25544 bytes
(epstopdf)             Command: <repstopdf --outfile=fig/distribution_short_100
-eps-converted-to.pdf fig/distribution_short_100.eps>
(epstopdf)             \includegraphics on input line 490.
Package epstopdf Info: Output file is already uptodate.

<fig/distribution_short_100-eps-converted-to.pdf, id=305, 462.52798pt x 346.896
01pt>
File: fig/distribution_short_100-eps-converted-to.pdf Graphic file (type pdf)
 <use fig/distribution_short_100-eps-converted-to.pdf>
Package pdftex.def Info: fig/distribution_short_100-eps-converted-to.pdf used o
n input line 490.
(pdftex.def)             Requested size: 231.26341pt x 173.44757pt.
Package epstopdf Info: Source file: <fig/distribution_long_56.eps>
(epstopdf)                    date: 2020-12-07 23:31:18
(epstopdf)                    size: 47950 bytes
(epstopdf)             Output file: <fig/distribution_long_56-eps-converted-to.
pdf>
(epstopdf)                    date: 2020-12-07 23:31:18
(epstopdf)                    size: 24241 bytes
(epstopdf)             Command: <repstopdf --outfile=fig/distribution_long_56-e
ps-converted-to.pdf fig/distribution_long_56.eps>
(epstopdf)             \includegraphics on input line 491.
Package epstopdf Info: Output file is already uptodate.

<fig/distribution_long_56-eps-converted-to.pdf, id=306, 462.52798pt x 346.89601
pt>
File: fig/distribution_long_56-eps-converted-to.pdf Graphic file (type pdf)
 <use fig/distribution_long_56-eps-converted-to.pdf>
Package pdftex.def Info: fig/distribution_long_56-eps-converted-to.pdf used on 
input line 491.
(pdftex.def)             Requested size: 231.26341pt x 173.44757pt.
Package epstopdf Info: Source file: <fig/distribution_short_56.eps>
(epstopdf)                    date: 2020-12-07 23:31:18
(epstopdf)                    size: 49209 bytes
(epstopdf)             Output file: <fig/distribution_short_56-eps-converted-to
.pdf>
(epstopdf)                    date: 2020-12-07 23:31:18
(epstopdf)                    size: 25587 bytes
(epstopdf)             Command: <repstopdf --outfile=fig/distribution_short_56-
eps-converted-to.pdf fig/distribution_short_56.eps>
(epstopdf)             \includegraphics on input line 492.
Package epstopdf Info: Output file is already uptodate.

<fig/distribution_short_56-eps-converted-to.pdf, id=307, 462.52798pt x 346.8960
1pt>
File: fig/distribution_short_56-eps-converted-to.pdf Graphic file (type pdf)
 <use fig/distribution_short_56-eps-converted-to.pdf>
Package pdftex.def Info: fig/distribution_short_56-eps-converted-to.pdf used on
 input line 492.
(pdftex.def)             Requested size: 231.26341pt x 173.44757pt.


LaTeX Warning: `!h' float specifier changed to `!ht'.

Package epstopdf Info: Source file: <fig/LONG/sigma_vs_fluence_100.eps>
(epstopdf)                    date: 2020-12-07 23:31:18
(epstopdf)                    size: 34889 bytes
(epstopdf)             Output file: <fig/LONG/sigma_vs_fluence_100-eps-converte
d-to.pdf>
(epstopdf)                    date: 2020-12-07 23:49:29
(epstopdf)                    size: 32860 bytes
(epstopdf)             Command: <repstopdf --outfile=fig/LONG/sigma_vs_fluence_
100-eps-converted-to.pdf fig/LONG/sigma_vs_fluence_100.eps>
(epstopdf)             \includegraphics on input line 569.
Package epstopdf Info: Output file is already uptodate.

<fig/LONG/sigma_vs_fluence_100-eps-converted-to.pdf, id=308, 462.52798pt x 346.
89601pt>
File: fig/LONG/sigma_vs_fluence_100-eps-converted-to.pdf Graphic file (type pdf
)
 <use fig/LONG/sigma_vs_fluence_100-eps-converted-to.pdf>
Package pdftex.def Info: fig/LONG/sigma_vs_fluence_100-eps-converted-to.pdf use
d on input line 569.
(pdftex.def)             Requested size: 231.26341pt x 173.44757pt.
Package epstopdf Info: Source file: <fig/LONG/sigma_vs_fluence_50.eps>
(epstopdf)                    date: 2020-12-07 23:31:18
(epstopdf)                    size: 34843 bytes
(epstopdf)             Output file: <fig/LONG/sigma_vs_fluence_50-eps-converted
-to.pdf>
(epstopdf)                    date: 2020-12-07 23:49:30
(epstopdf)                    size: 32838 bytes
(epstopdf)             Command: <repstopdf --outfile=fig/LONG/sigma_vs_fluence_
50-eps-converted-to.pdf fig/LONG/sigma_vs_fluence_50.eps>
(epstopdf)             \includegraphics on input line 570.
Package epstopdf Info: Output file is already uptodate.

<fig/LONG/sigma_vs_fluence_50-eps-converted-to.pdf, id=309, 462.52798pt x 346.8
9601pt>
File: fig/LONG/sigma_vs_fluence_50-eps-converted-to.pdf Graphic file (type pdf)

 <use fig/LONG/sigma_vs_fluence_50-eps-converted-to.pdf>
Package pdftex.def Info: fig/LONG/sigma_vs_fluence_50-eps-converted-to.pdf used
 on input line 570.
(pdftex.def)             Requested size: 231.26341pt x 173.44757pt.
Package epstopdf Info: Source file: <fig/LONG/sigma_vs_fluence_10.eps>
(epstopdf)                    date: 2020-12-07 23:31:18
(epstopdf)                    size: 34846 bytes
(epstopdf)             Output file: <fig/LONG/sigma_vs_fluence_10-eps-converted
-to.pdf>
(epstopdf)                    date: 2020-12-07 23:49:30
(epstopdf)                    size: 32913 bytes
(epstopdf)             Command: <repstopdf --outfile=fig/LONG/sigma_vs_fluence_
10-eps-converted-to.pdf fig/LONG/sigma_vs_fluence_10.eps>
(epstopdf)             \includegraphics on input line 571.
Package epstopdf Info: Output file is already uptodate.

<fig/LONG/sigma_vs_fluence_10-eps-converted-to.pdf, id=310, 462.52798pt x 346.8
9601pt>
File: fig/LONG/sigma_vs_fluence_10-eps-converted-to.pdf Graphic file (type pdf)

 <use fig/LONG/sigma_vs_fluence_10-eps-converted-to.pdf>
Package pdftex.def Info: fig/LONG/sigma_vs_fluence_10-eps-converted-to.pdf used
 on input line 571.
(pdftex.def)             Requested size: 231.26341pt x 173.44757pt.
Package epstopdf Info: Source file: <fig/LONG/sigma_vs_fluence_1.eps>
(epstopdf)                    date: 2020-12-07 23:31:18
(epstopdf)                    size: 34943 bytes
(epstopdf)             Output file: <fig/LONG/sigma_vs_fluence_1-eps-converted-
to.pdf>
(epstopdf)                    date: 2020-12-07 23:49:30
(epstopdf)                    size: 32951 bytes
(epstopdf)             Command: <repstopdf --outfile=fig/LONG/sigma_vs_fluence_
1-eps-converted-to.pdf fig/LONG/sigma_vs_fluence_1.eps>
(epstopdf)             \includegraphics on input line 572.
Package epstopdf Info: Output file is already uptodate.

<fig/LONG/sigma_vs_fluence_1-eps-converted-to.pdf, id=311, 462.52798pt x 346.89
601pt>
File: fig/LONG/sigma_vs_fluence_1-eps-converted-to.pdf Graphic file (type pdf)
 <use fig/LONG/sigma_vs_fluence_1-eps-converted-to.pdf>
Package pdftex.def Info: fig/LONG/sigma_vs_fluence_1-eps-converted-to.pdf used 
on input line 572.
(pdftex.def)             Requested size: 231.26341pt x 173.44757pt.


./main.tex:573: LaTeX Error: Unknown graphics extension: .0125.eps.

See the LaTeX manual or LaTeX Companion for explanation.
Type  H <return>  for immediate help.
 ...                                              
                                                  
l.573 ...=0]{fig/LONG/sigma_vs_fluence_0.0125.eps}
                                                  
Try typing  <return>  to proceed.
If that doesn't work, type  X <return>  to quit.


./main.tex:574: LaTeX Error: Unknown graphics extension: .0056.eps.

See the LaTeX manual or LaTeX Companion for explanation.
Type  H <return>  for immediate help.
 ...                                              
                                                  
l.574 ...=0]{fig/LONG/sigma_vs_fluence_0.0056.eps}
                                                  \\
Try typing  <return>  to proceed.
If that doesn't work, type  X <return>  to quit.


LaTeX Warning: `!h' float specifier changed to `!ht'.

Package epstopdf Info: Source file: <fig/SHORT/sigma_vs_fluence_100.eps>
(epstopdf)                    date: 2020-12-07 23:31:18
(epstopdf)                    size: 34776 bytes
(epstopdf)             Output file: <fig/SHORT/sigma_vs_fluence_100-eps-convert
ed-to.pdf>
(epstopdf)                    date: 2020-12-07 23:49:31
(epstopdf)                    size: 32157 bytes
(epstopdf)             Command: <repstopdf --outfile=fig/SHORT/sigma_vs_fluence
_100-eps-converted-to.pdf fig/SHORT/sigma_vs_fluence_100.eps>
(epstopdf)             \includegraphics on input line 587.
Package epstopdf Info: Output file is already uptodate.

<fig/SHORT/sigma_vs_fluence_100-eps-converted-to.pdf, id=316, 462.52798pt x 346
.89601pt>
File: fig/SHORT/sigma_vs_fluence_100-eps-converted-to.pdf Graphic file (type pd
f)
 <use fig/SHORT/sigma_vs_fluence_100-eps-converted-to.pdf>
Package pdftex.def Info: fig/SHORT/sigma_vs_fluence_100-eps-converted-to.pdf us
ed on input line 587.
(pdftex.def)             Requested size: 231.26341pt x 173.44757pt.
Package epstopdf Info: Source file: <fig/SHORT/sigma_vs_fluence_50.eps>
(epstopdf)                    date: 2020-12-07 23:31:18
(epstopdf)                    size: 35082 bytes
(epstopdf)             Output file: <fig/SHORT/sigma_vs_fluence_50-eps-converte
d-to.pdf>
(epstopdf)                    date: 2020-12-07 23:49:31
(epstopdf)                    size: 32210 bytes
(epstopdf)             Command: <repstopdf --outfile=fig/SHORT/sigma_vs_fluence
_50-eps-converted-to.pdf fig/SHORT/sigma_vs_fluence_50.eps>
(epstopdf)             \includegraphics on input line 588.
Package epstopdf Info: Output file is already uptodate.

<fig/SHORT/sigma_vs_fluence_50-eps-converted-to.pdf, id=317, 462.52798pt x 346.
89601pt>
File: fig/SHORT/sigma_vs_fluence_50-eps-converted-to.pdf Graphic file (type pdf
)
 <use fig/SHORT/sigma_vs_fluence_50-eps-converted-to.pdf>
Package pdftex.def Info: fig/SHORT/sigma_vs_fluence_50-eps-converted-to.pdf use
d on input line 588.
(pdftex.def)             Requested size: 231.26341pt x 173.44757pt.
Package epstopdf Info: Source file: <fig/SHORT/sigma_vs_fluence_10.eps>
(epstopdf)                    date: 2020-12-07 23:31:18
(epstopdf)                    size: 34733 bytes
(epstopdf)             Output file: <fig/SHORT/sigma_vs_fluence_10-eps-converte
d-to.pdf>
(epstopdf)                    date: 2020-12-07 23:49:32
(epstopdf)                    size: 32158 bytes
(epstopdf)             Command: <repstopdf --outfile=fig/SHORT/sigma_vs_fluence
_10-eps-converted-to.pdf fig/SHORT/sigma_vs_fluence_10.eps>
(epstopdf)             \includegraphics on input line 589.
Package epstopdf Info: Output file is already uptodate.

<fig/SHORT/sigma_vs_fluence_10-eps-converted-to.pdf, id=318, 462.52798pt x 346.
89601pt>
File: fig/SHORT/sigma_vs_fluence_10-eps-converted-to.pdf Graphic file (type pdf
)
 <use fig/SHORT/sigma_vs_fluence_10-eps-converted-to.pdf>
Package pdftex.def Info: fig/SHORT/sigma_vs_fluence_10-eps-converted-to.pdf use
d on input line 589.
(pdftex.def)             Requested size: 231.26341pt x 173.44757pt.
Package epstopdf Info: Source file: <fig/SHORT/sigma_vs_fluence_1.eps>
(epstopdf)                    date: 2020-12-07 23:31:18
(epstopdf)                    size: 35383 bytes
(epstopdf)             Output file: <fig/SHORT/sigma_vs_fluence_1-eps-converted
-to.pdf>
(epstopdf)                    date: 2020-12-07 23:49:32
(epstopdf)                    size: 32719 bytes
(epstopdf)             Command: <repstopdf --outfile=fig/SHORT/sigma_vs_fluence
_1-eps-converted-to.pdf fig/SHORT/sigma_vs_fluence_1.eps>
(epstopdf)             \includegraphics on input line 590.
Package epstopdf Info: Output file is already uptodate.

<fig/SHORT/sigma_vs_fluence_1-eps-converted-to.pdf, id=319, 462.52798pt x 346.8
9601pt>
File: fig/SHORT/sigma_vs_fluence_1-eps-converted-to.pdf Graphic file (type pdf)

 <use fig/SHORT/sigma_vs_fluence_1-eps-converted-to.pdf>
Package pdftex.def Info: fig/SHORT/sigma_vs_fluence_1-eps-converted-to.pdf used
 on input line 590.
(pdftex.def)             Requested size: 231.26341pt x 173.44757pt.


./main.tex:591: LaTeX Error: Unknown graphics extension: .0125.eps.

See the LaTeX manual or LaTeX Companion for explanation.
Type  H <return>  for immediate help.
 ...                                              
                                                  
l.591 ...0]{fig/SHORT/sigma_vs_fluence_0.0125.eps}
                                                  
Try typing  <return>  to proceed.
If that doesn't work, type  X <return>  to quit.


./main.tex:592: LaTeX Error: Unknown graphics extension: .0056.eps.

See the LaTeX manual or LaTeX Companion for explanation.
Type  H <return>  for immediate help.
 ...                                              
                                                  
l.592 ...0]{fig/SHORT/sigma_vs_fluence_0.0056.eps}
                                                  \\
Try typing  <return>  to proceed.
If that doesn't work, type  X <return>  to quit.


LaTeX Warning: `!h' float specifier changed to `!ht'.

Package epstopdf Info: Source file: <fig/SHORT/ratio_distrib_100.eps>
(epstopdf)                    date: 2020-12-07 23:31:18
(epstopdf)                    size: 36620 bytes
(epstopdf)             Output file: <fig/SHORT/ratio_distrib_100-eps-converted-
to.pdf>
(epstopdf)                    date: 2020-12-07 23:49:32
(epstopdf)                    size: 19538 bytes
(epstopdf)             Command: <repstopdf --outfile=fig/SHORT/ratio_distrib_10
0-eps-converted-to.pdf fig/SHORT/ratio_distrib_100.eps>
(epstopdf)             \includegraphics on input line 608.
Package epstopdf Info: Output file is already uptodate.

<fig/SHORT/ratio_distrib_100-eps-converted-to.pdf, id=324, 433.62pt x 289.08pt>
File: fig/SHORT/ratio_distrib_100-eps-converted-to.pdf Graphic file (type pdf)
<use fig/SHORT/ratio_distrib_100-eps-converted-to.pdf>
Package pdftex.def Info: fig/SHORT/ratio_distrib_100-eps-converted-to.pdf used 
on input line 608.
(pdftex.def)             Requested size: 216.80946pt x 144.53964pt.
Package epstopdf Info: Source file: <fig/SHORT/ratio_distrib_50.eps>
(epstopdf)                    date: 2020-12-07 23:31:18
(epstopdf)                    size: 34789 bytes
(epstopdf)             Output file: <fig/SHORT/ratio_distrib_50-eps-converted-t
o.pdf>
(epstopdf)                    date: 2020-12-07 23:49:33
(epstopdf)                    size: 19469 bytes
(epstopdf)             Command: <repstopdf --outfile=fig/SHORT/ratio_distrib_50
-eps-converted-to.pdf fig/SHORT/ratio_distrib_50.eps>
(epstopdf)             \includegraphics on input line 609.
Package epstopdf Info: Output file is already uptodate.

<fig/SHORT/ratio_distrib_50-eps-converted-to.pdf, id=325, 433.62pt x 289.08pt>
File: fig/SHORT/ratio_distrib_50-eps-converted-to.pdf Graphic file (type pdf)

<use fig/SHORT/ratio_distrib_50-eps-converted-to.pdf>
Package pdftex.def Info: fig/SHORT/ratio_distrib_50-eps-converted-to.pdf used o
n input line 609.
(pdftex.def)             Requested size: 216.80946pt x 144.53964pt.
Package epstopdf Info: Source file: <fig/SHORT/ratio_distrib_10.eps>
(epstopdf)                    date: 2020-12-07 23:31:18
(epstopdf)                    size: 35509 bytes
(epstopdf)             Output file: <fig/SHORT/ratio_distrib_10-eps-converted-t
o.pdf>
(epstopdf)                    date: 2020-12-07 23:49:33
(epstopdf)                    size: 18763 bytes
(epstopdf)             Command: <repstopdf --outfile=fig/SHORT/ratio_distrib_10
-eps-converted-to.pdf fig/SHORT/ratio_distrib_10.eps>
(epstopdf)             \includegraphics on input line 610.
Package epstopdf Info: Output file is already uptodate.

<fig/SHORT/ratio_distrib_10-eps-converted-to.pdf, id=326, 433.62pt x 289.08pt>
File: fig/SHORT/ratio_distrib_10-eps-converted-to.pdf Graphic file (type pdf)

<use fig/SHORT/ratio_distrib_10-eps-converted-to.pdf>
Package pdftex.def Info: fig/SHORT/ratio_distrib_10-eps-converted-to.pdf used o
n input line 610.
(pdftex.def)             Requested size: 216.80946pt x 144.53964pt.
Package epstopdf Info: Source file: <fig/SHORT/ratio_distrib_1.eps>
(epstopdf)                    date: 2020-12-07 23:31:18
(epstopdf)                    size: 34912 bytes
(epstopdf)             Output file: <fig/SHORT/ratio_distrib_1-eps-converted-to
.pdf>
(epstopdf)                    date: 2020-12-07 23:49:33
(epstopdf)                    size: 19184 bytes
(epstopdf)             Command: <repstopdf --outfile=fig/SHORT/ratio_distrib_1-
eps-converted-to.pdf fig/SHORT/ratio_distrib_1.eps>
(epstopdf)             \includegraphics on input line 611.
Package epstopdf Info: Output file is already uptodate.

<fig/SHORT/ratio_distrib_1-eps-converted-to.pdf, id=327, 433.62pt x 289.08pt>
File: fig/SHORT/ratio_distrib_1-eps-converted-to.pdf Graphic file (type pdf)

<use fig/SHORT/ratio_distrib_1-eps-converted-to.pdf>
Package pdftex.def Info: fig/SHORT/ratio_distrib_1-eps-converted-to.pdf used on
 input line 611.
(pdftex.def)             Requested size: 216.80946pt x 144.53964pt.


./main.tex:612: LaTeX Error: Unknown graphics extension: .0125.eps.

See the LaTeX manual or LaTeX Companion for explanation.
Type  H <return>  for immediate help.
 ...                                              
                                                  
l.612 ...le=0]{fig/SHORT/ratio_distrib_0.0125.eps}
                                                  
Try typing  <return>  to proceed.
If that doesn't work, type  X <return>  to quit.


./main.tex:613: LaTeX Error: Unknown graphics extension: .0056.eps.

See the LaTeX manual or LaTeX Companion for explanation.
Type  H <return>  for immediate help.
 ...                                              
                                                  
l.613 ...le=0]{fig/SHORT/ratio_distrib_0.0056.eps}
                                                  \\
Try typing  <return>  to proceed.
If that doesn't work, type  X <return>  to quit.


LaTeX Warning: `!h' float specifier changed to `!ht'.

Package epstopdf Info: Source file: <fig/LONG/ratio_distrib_100.eps>
(epstopdf)                    date: 2020-12-07 23:31:18
(epstopdf)                    size: 34696 bytes
(epstopdf)             Output file: <fig/LONG/ratio_distrib_100-eps-converted-t
o.pdf>
(epstopdf)                    date: 2020-12-07 23:49:34
(epstopdf)                    size: 19511 bytes
(epstopdf)             Command: <repstopdf --outfile=fig/LONG/ratio_distrib_100
-eps-converted-to.pdf fig/LONG/ratio_distrib_100.eps>
(epstopdf)             \includegraphics on input line 625.
Package epstopdf Info: Output file is already uptodate.

<fig/LONG/ratio_distrib_100-eps-converted-to.pdf, id=328, 433.62pt x 289.08pt>
File: fig/LONG/ratio_distrib_100-eps-converted-to.pdf Graphic file (type pdf)

<use fig/LONG/ratio_distrib_100-eps-converted-to.pdf>
Package pdftex.def Info: fig/LONG/ratio_distrib_100-eps-converted-to.pdf used o
n input line 625.
(pdftex.def)             Requested size: 216.80946pt x 144.53964pt.
Package epstopdf Info: Source file: <fig/LONG/ratio_distrib_50.eps>
(epstopdf)                    date: 2020-12-07 23:31:18
(epstopdf)                    size: 36096 bytes
(epstopdf)             Output file: <fig/LONG/ratio_distrib_50-eps-converted-to
.pdf>
(epstopdf)                    date: 2020-12-07 23:49:34
(epstopdf)                    size: 19904 bytes
(epstopdf)             Command: <repstopdf --outfile=fig/LONG/ratio_distrib_50-
eps-converted-to.pdf fig/LONG/ratio_distrib_50.eps>
(epstopdf)             \includegraphics on input line 626.
Package epstopdf Info: Output file is already uptodate.

<fig/LONG/ratio_distrib_50-eps-converted-to.pdf, id=329, 433.62pt x 289.08pt>
File: fig/LONG/ratio_distrib_50-eps-converted-to.pdf Graphic file (type pdf)

<use fig/LONG/ratio_distrib_50-eps-converted-to.pdf>
Package pdftex.def Info: fig/LONG/ratio_distrib_50-eps-converted-to.pdf used on
 input line 626.
(pdftex.def)             Requested size: 216.80946pt x 144.53964pt.
Package epstopdf Info: Source file: <fig/LONG/ratio_distrib_10.eps>
(epstopdf)                    date: 2020-12-07 23:31:18
(epstopdf)                    size: 37334 bytes
(epstopdf)             Output file: <fig/LONG/ratio_distrib_10-eps-converted-to
.pdf>
(epstopdf)                    date: 2020-12-07 23:49:35
(epstopdf)                    size: 19593 bytes
(epstopdf)             Command: <repstopdf --outfile=fig/LONG/ratio_distrib_10-
eps-converted-to.pdf fig/LONG/ratio_distrib_10.eps>
(epstopdf)             \includegraphics on input line 627.
Package epstopdf Info: Output file is already uptodate.

<fig/LONG/ratio_distrib_10-eps-converted-to.pdf, id=330, 433.62pt x 289.08pt>
File: fig/LONG/ratio_distrib_10-eps-converted-to.pdf Graphic file (type pdf)

<use fig/LONG/ratio_distrib_10-eps-converted-to.pdf>
Package pdftex.def Info: fig/LONG/ratio_distrib_10-eps-converted-to.pdf used on
 input line 627.
(pdftex.def)             Requested size: 216.80946pt x 144.53964pt.
Package epstopdf Info: Source file: <fig/LONG/ratio_distrib_1.eps>
(epstopdf)                    date: 2020-12-07 23:31:18
(epstopdf)                    size: 34648 bytes
(epstopdf)             Output file: <fig/LONG/ratio_distrib_1-eps-converted-to.
pdf>
(epstopdf)                    date: 2020-12-07 23:49:35
(epstopdf)                    size: 18675 bytes
(epstopdf)             Command: <repstopdf --outfile=fig/LONG/ratio_distrib_1-e
ps-converted-to.pdf fig/LONG/ratio_distrib_1.eps>
(epstopdf)             \includegraphics on input line 628.
Package epstopdf Info: Output file is already uptodate.

<fig/LONG/ratio_distrib_1-eps-converted-to.pdf, id=331, 433.62pt x 289.08pt>
File: fig/LONG/ratio_distrib_1-eps-converted-to.pdf Graphic file (type pdf)

<use fig/LONG/ratio_distrib_1-eps-converted-to.pdf>
Package pdftex.def Info: fig/LONG/ratio_distrib_1-eps-converted-to.pdf used on 
input line 628.
(pdftex.def)             Requested size: 216.80946pt x 144.53964pt.


./main.tex:629: LaTeX Error: Unknown graphics extension: .0125.eps.

See the LaTeX manual or LaTeX Companion for explanation.
Type  H <return>  for immediate help.
 ...                                              
                                                  
l.629 ...gle=0]{fig/LONG/ratio_distrib_0.0125.eps}
                                                  
Try typing  <return>  to proceed.
If that doesn't work, type  X <return>  to quit.


./main.tex:630: LaTeX Error: Unknown graphics extension: .0056.eps.

See the LaTeX manual or LaTeX Companion for explanation.
Type  H <return>  for immediate help.
 ...                                              
                                                  
l.630 ...gle=0]{fig/LONG/ratio_distrib_0.0056.eps}
                                                  \\
Try typing  <return>  to proceed.
If that doesn't work, type  X <return>  to quit.


LaTeX Warning: `!h' float specifier changed to `!ht'.

<fig/sigma_vs_area_Long.pdf, id=332, 462.52798pt x 346.89601pt>
File: fig/sigma_vs_area_Long.pdf Graphic file (type pdf)

<use fig/sigma_vs_area_Long.pdf>
Package pdftex.def Info: fig/sigma_vs_area_Long.pdf used on input line 641.
(pdftex.def)             Requested size: 231.26341pt x 173.44757pt.

<fig/sigma_vs_area_Short.pdf, id=333, 462.52798pt x 346.89601pt>
File: fig/sigma_vs_area_Short.pdf Graphic file (type pdf)

<use fig/sigma_vs_area_Short.pdf>
Package pdftex.def Info: fig/sigma_vs_area_Short.pdf used on input line 642.
(pdftex.def)             Requested size: 231.26341pt x 173.44757pt.


LaTeX Warning: `!h' float specifier changed to `!ht'.

Excluding 'comment' comment. (./main.bbl [309] [310])
Package atveryend Info: Empty hook `BeforeClearDocument' on input line 820.
 [311 <./fig/distribution_long_100-eps-converted-to.pdf> <./fig/distribution_sh
ort_100-eps-converted-to.pdf> <./fig/distribution_long_56-eps-converted-to.pdf>
 <./fig/distribution_short_56-eps-converted-to.pdf>] [312 <./fig/LONG/sigma_vs_
fluence_100-eps-converted-to.pdf> <./fig/LONG/sigma_vs_fluence_50-eps-converted
-to.pdf> <./fig/LONG/sigma_vs_fluence_10-eps-converted-to.pdf> <./fig/LONG/sigm
a_vs_fluence_1-eps-converted-to.pdf>] [313 <./fig/SHORT/sigma_vs_fluence_100-ep
s-converted-to.pdf> <./fig/SHORT/sigma_vs_fluence_50-eps-converted-to.pdf> <./f
ig/SHORT/sigma_vs_fluence_10-eps-converted-to.pdf> <./fig/SHORT/sigma_vs_fluenc
e_1-eps-converted-to.pdf>] [314 <./fig/SHORT/ratio_distrib_100-eps-converted-to
.pdf> <./fig/SHORT/ratio_distrib_50-eps-converted-to.pdf> <./fig/SHORT/ratio_di
strib_10-eps-converted-to.pdf> <./fig/SHORT/ratio_distrib_1-eps-converted-to.pd
f>] [315 <./fig/LONG/ratio_distrib_100-eps-converted-to.pdf> <./fig/LONG/ratio_
distrib_50-eps-converted-to.pdf> <./fig/LONG/ratio_distrib_10-eps-converted-to.
pdf> <./fig/LONG/ratio_distrib_1-eps-converted-to.pdf> <./fig/sigma_vs_area_Lon
g.pdf> <./fig/sigma_vs_area_Short.pdf

pdfTeX warning: pdflatex (file ./fig/sigma_vs_area_Short.pdf): PDF inclusion: m
ultiple pdfs with page group included in a single page
>]
Package atveryend Info: Empty hook `AfterLastShipout' on input line 820.
 (./main.aux)
Package atveryend Info: Executing hook `AtVeryEndDocument' on input line 820.
Package atveryend Info: Executing hook `AtEndAfterFileList' on input line 820.
Package rerunfilecheck Info: File `main.out' has not changed.
(rerunfilecheck)             Checksum: 957F790AF4A12B3984717FD2F45E981D;468.


LaTeX Warning: There were undefined references.

Package atveryend Info: Empty hook `AtVeryVeryEnd' on input line 820.
 ) 
Here is how much of TeX's memory you used:
 7599 strings out of 492995
 110337 string characters out of 6132704
 222781 words of memory out of 5000000
 10929 multiletter control sequences out of 15000+600000
 49591 words of font info for 120 fonts, out of 8000000 for 9000
 1141 hyphenation exceptions out of 8191
 41i,13n,35p,2321b,434s stack positions out of 5000i,500n,10000p,200000b,80000s
{/usr/local/texlive/2017/texmf-dist/fonts/enc/dvips/base/8r.enc}</usr/local/t
exlive/2017/texmf-dist/fonts/type1/public/txfonts/rtxmi.pfb></usr/local/texlive
/2017/texmf-dist/fonts/type1/public/txfonts/rtxr.pfb></usr/local/texlive/2017/t
exmf-dist/fonts/type1/public/txfonts/txex.pfb></usr/local/texlive/2017/texmf-di
st/fonts/type1/public/txfonts/txsy.pfb></usr/local/texlive/2017/texmf-dist/font
s/type1/urw/times/utmb8a.pfb></usr/local/texlive/2017/texmf-dist/fonts/type1/ur
w/times/utmr8a.pfb></usr/local/texlive/2017/texmf-dist/fonts/type1/urw/times/ut
mri8a.pfb>
Output written on main.pdf (15 pages, 2112732 bytes).
PDF statistics:
 1483 PDF objects out of 1728 (max. 8388607)
 397 compressed objects within 4 object streams
 53 named destinations out of 1000 (max. 500000)
 215 words of extra memory for PDF output out of 10000 (max. 10000000)

